<?xml version="1.0" encoding="UTF-8"?>
<!-- Generated by org.testng.reporters.JUnitReportReporter -->
<testsuite hostname="DESKTOP-52D5HFG" failures="0" tests="1" name="com.hybridecom.testCases.TC_LoginTest_001" time="18.266" errors="0" timestamp="2022-09-23T21:15:08 IST" skipped="0">
  <testcase classname="com.hybridecom.testCases.TC_LoginTest_001" name="loginTest" time="18.266"/>
  <system-out/>
</testsuite> <!-- com.hybridecom.testCases.TC_LoginTest_001 -->
